TN:
SF:E:\Mooce\GitHub\mandelbrot-js\src/helpers.js
FN:5,precomputeCycleIfNeeded
FN:15,lerp
FN:19,easeOutCubic
FN:25,easeInOutCubic
FN:37,sin
FN:47,cos
FNF:6
FNH:1
FNDA:0,precomputeCycleIfNeeded
FNDA:8,lerp
FNDA:0,easeOutCubic
FNDA:0,easeInOutCubic
FNDA:0,sin
FNDA:0,cos
DA:1,1
DA:3,1
DA:5,1
DA:6,0
DA:7,0
DA:8,0
DA:10,0
DA:15,1
DA:16,8
DA:19,1
DA:20,0
DA:22,0
DA:25,1
DA:26,0
DA:28,0
DA:30,0
DA:32,0
DA:34,0
DA:37,1
DA:38,0
DA:41,0
DA:44,0
DA:47,1
DA:48,0
DA:51,0
DA:56,0
LF:26
LH:9
BRDA:6,0,0,0
BRDA:6,0,1,0
BRDA:30,1,0,0
BRDA:30,1,1,0
BRF:4
BRH:0
end_of_record
TN:
SF:E:\Mooce\GitHub\mandelbrot-js\src/ui.js
FN:1,createSlider
FN:6,updateValueDisplay
FN:15,(anonymous_2)
FN:26,createToggle
FN:33,(anonymous_4)
FN:41,createButton
FN:49,createCanvasImage
FNF:7
FNH:4
FNDA:6,createSlider
FNDA:6,updateValueDisplay
FNDA:2,(anonymous_2)
FNDA:2,createToggle
FNDA:0,(anonymous_4)
FNDA:0,createButton
FNDA:0,createCanvasImage
DA:1,1
DA:2,6
DA:4,6
DA:6,4
DA:7,6
DA:8,6
DA:9,5
DA:13,4
DA:15,4
DA:16,2
DA:18,2
DA:19,1
DA:23,4
DA:26,1
DA:27,2
DA:29,2
DA:31,0
DA:33,0
DA:34,0
DA:35,0
DA:37,0
DA:41,1
DA:42,0
DA:44,0
DA:46,0
DA:49,1
DA:50,0
DA:52,0
DA:54,0
DA:55,0
DA:56,0
DA:58,0
DA:60,0
DA:62,0
DA:64,0
LF:35
LH:18
BRDA:4,0,0,2
BRDA:4,0,1,4
BRDA:8,1,0,5
BRDA:8,1,1,1
BRDA:18,2,0,1
BRDA:18,2,1,1
BRDA:29,3,0,2
BRDA:29,3,1,0
BRDA:44,4,0,0
BRDA:44,4,1,0
BRDA:52,5,0,0
BRDA:52,5,1,0
BRF:12
BRH:7
end_of_record
